[debug] [2024-11-29T22:36:43.127Z] ----------------------------------------------------------------------
[debug] [2024-11-29T22:36:43.130Z] Command:       C:\Program Files\nodejs\node.exe C:\Users\rajve\AppData\Roaming\npm\node_modules\firebase-tools\lib\bin\firebase.js init hosting
[debug] [2024-11-29T22:36:43.130Z] CLI Version:   13.27.0
[debug] [2024-11-29T22:36:43.130Z] Platform:      win32
[debug] [2024-11-29T22:36:43.131Z] Node Version:  v22.11.0
[debug] [2024-11-29T22:36:43.131Z] Time:          Fri Nov 29 2024 17:36:43 GMT-0500 (Eastern Standard Time)
[debug] [2024-11-29T22:36:43.131Z] ----------------------------------------------------------------------
[debug] 
[debug] [2024-11-29T22:36:43.138Z] > command requires scopes: ["email","openid","https://www.googleapis.com/auth/cloudplatformprojects.readonly","https://www.googleapis.com/auth/firebase","https://www.googleapis.com/auth/cloud-platform"]
[debug] [2024-11-29T22:36:43.139Z] > authorizing via signed-in user (gillrajveer487@gmail.com)
[info] 
     ######## #### ########  ######## ########     ###     ######  ########
     ##        ##  ##     ## ##       ##     ##  ##   ##  ##       ##
     ######    ##  ########  ######   ########  #########  ######  ######
     ##        ##  ##    ##  ##       ##     ## ##     ##       ## ##
     ##       #### ##     ## ######## ########  ##     ##  ######  ########

You're about to initialize a Firebase project in this directory:

  C:\Users\rajve\OneDrive\Desktop\Assignment1_Express app\Lab 6

[info] 
=== Project Setup
[info] 
[info] First, let's associate this project directory with a Firebase project.
[info] You can create multiple project aliases by running firebase use --add, 
[info] but for now we'll just set up a default project.
[info] 
[debug] [2024-11-29T22:38:53.345Z] Checked if tokens are valid: true, expires at: 1732921205773
[debug] [2024-11-29T22:38:53.346Z] Checked if tokens are valid: true, expires at: 1732921205773
[debug] [2024-11-29T22:38:53.348Z] >>> [apiv2][query] GET https://firebase.googleapis.com/v1beta1/projects pageSize=100
[debug] [2024-11-29T22:38:53.873Z] <<< [apiv2][status] GET https://firebase.googleapis.com/v1beta1/projects 200
[debug] [2024-11-29T22:38:53.873Z] <<< [apiv2][body] GET https://firebase.googleapis.com/v1beta1/projects [omitted]
[info] i  Using project fir-app-8e0ca (Firebase app) 
[info] 
=== Hosting Setup
[debug] [2024-11-29T22:38:59.357Z] Checked if tokens are valid: true, expires at: 1732921205773
[debug] [2024-11-29T22:38:59.357Z] Checked if tokens are valid: true, expires at: 1732921205773
[debug] [2024-11-29T22:38:59.357Z] >>> [apiv2][query] GET https://firebase.googleapis.com/v1beta1/projects/fir-app-8e0ca [none]
[debug] [2024-11-29T22:38:59.856Z] <<< [apiv2][status] GET https://firebase.googleapis.com/v1beta1/projects/fir-app-8e0ca 200
[debug] [2024-11-29T22:38:59.856Z] <<< [apiv2][body] GET https://firebase.googleapis.com/v1beta1/projects/fir-app-8e0ca {"projectId":"fir-app-8e0ca","projectNumber":"1020285030807","displayName":"Firebase app","name":"projects/fir-app-8e0ca","resources":{"hostingSite":"fir-app-8e0ca","realtimeDatabaseInstance":"fir-app-8e0ca-default-rtdb"},"state":"ACTIVE","etag":"1_7a41a3ed-3ed7-4c80-89c7-d0d1edeec3b5"}
[info] 
[info] Your public directory is the folder (relative to your project directory) that
[info] will contain Hosting assets to be uploaded with firebase deploy. If you
[info] have a build process for your assets, use your build's output directory.
[info] 
[debug] [2024-11-29T22:39:40.689Z] >>> [apiv2][query] GET https://www.gstatic.com/firebasejs/releases.json [none]
[debug] [2024-11-29T22:39:40.761Z] <<< [apiv2][status] GET https://www.gstatic.com/firebasejs/releases.json 200
[debug] [2024-11-29T22:39:40.762Z] <<< [apiv2][body] GET https://www.gstatic.com/firebasejs/releases.json {"current":{"version":"11.0.2","browserURL":"https://www.gstatic.com/firebasejs/11.0.2/firebase.js","packageURL":"https://www.gstatic.com/firebasejs/11.0.2/firebase.tgz"},"live":{"version":"11.0","browserURL":"https://www.gstatic.com/firebasejs/live/11.0/firebase.js","packageURL":"https://www.gstatic.com/firebasejs/live/11.0/firebase.tgz"},"components":{"analytics":"https://www.gstatic.com/firebasejs/11.0.2/firebase-analytics.js","app":"https://www.gstatic.com/firebasejs/11.0.2/firebase-app.js","app-check":"https://www.gstatic.com/firebasejs/11.0.2/firebase-app-check.js","auth":"https://www.gstatic.com/firebasejs/11.0.2/firebase-auth.js","auth/cordova":"https://www.gstatic.com/firebasejs/11.0.2/firebase-auth/cordova.js","auth/web-extension":"https://www.gstatic.com/firebasejs/11.0.2/firebase-auth/web-extension.js","functions":"https://www.gstatic.com/firebasejs/11.0.2/firebase-functions.js","firestore":"https://www.gstatic.com/firebasejs/11.0.2/firebase-firestore.js","firestore/lite":"https://www.gstatic.com/firebasejs/11.0.2/firebase-firestore/lite.js","installations":"https://www.gstatic.com/firebasejs/11.0.2/firebase-installations.js","storage":"https://www.gstatic.com/firebasejs/11.0.2/firebase-storage.js","performance":"https://www.gstatic.com/firebasejs/11.0.2/firebase-performance.js","remote-config":"https://www.gstatic.com/firebasejs/11.0.2/firebase-remote-config.js","messaging":"https://www.gstatic.com/firebasejs/11.0.2/firebase-messaging.js","messaging/sw":"https://www.gstatic.com/firebasejs/11.0.2/firebase-messaging/sw.js","database":"https://www.gstatic.com/firebasejs/11.0.2/firebase-database.js","vertexai":"https://www.gstatic.com/firebasejs/11.0.2/firebase-vertexai.js","data-connect":"https://www.gstatic.com/firebasejs/11.0.2/firebase-data-connect.js","firestore.memory":"https://www.gstatic.com/firebasejs/11.0.2/firebase-firestore.memory.js"}}
[info] +  Wrote public/index.html 
[info] 
[info] i  Detected a .git folder at C:\Users\rajve\OneDrive\Desktop\Assignment1_Express app 
[info] i  Authorizing with GitHub to upload your service account to a GitHub repository's secrets store. 
[info] 
[info] Visit this URL on this device to log in:
[info] https://github.com/login/oauth/authorize?client_id=89cf50f02ac6aaed3484&state=782017384&redirect_uri=http%3A%2F%2Flocalhost%3A9005&scope=read%3Auser%20repo%20public_repo
[info] 
[info] Waiting for authentication...
[debug] [2024-11-29T22:40:26.119Z] >>> [apiv2][query] POST https://github.com/login/oauth/access_token [none]
[debug] [2024-11-29T22:40:26.120Z] >>> [apiv2][body] POST https://github.com/login/oauth/access_token [stream]
[debug] [2024-11-29T22:40:26.409Z] <<< [apiv2][status] POST https://github.com/login/oauth/access_token 200
[debug] [2024-11-29T22:40:26.410Z] <<< [apiv2][body] POST https://github.com/login/oauth/access_token {"access_token":"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","token_type":"bearer","scope":"read:user,repo"}
[debug] [2024-11-29T22:40:26.420Z] >>> [apiv2][query] GET https://api.github.com/user [none]
[debug] [2024-11-29T22:40:26.736Z] <<< [apiv2][status] GET https://api.github.com/user 200
[debug] [2024-11-29T22:40:26.736Z] <<< [apiv2][body] GET https://api.github.com/user {"login":"Rajveer82","id":172097410,"node_id":"U_kgDOCkH_gg","avatar_url":"https://avatars.githubusercontent.com/u/172097410?v=4","gravatar_id":"","url":"https://api.github.com/users/Rajveer82","html_url":"https://github.com/Rajveer82","followers_url":"https://api.github.com/users/Rajveer82/followers","following_url":"https://api.github.com/users/Rajveer82/following{/other_user}","gists_url":"https://api.github.com/users/Rajveer82/gists{/gist_id}","starred_url":"https://api.github.com/users/Rajveer82/starred{/owner}{/repo}","subscriptions_url":"https://api.github.com/users/Rajveer82/subscriptions","organizations_url":"https://api.github.com/users/Rajveer82/orgs","repos_url":"https://api.github.com/users/Rajveer82/repos","events_url":"https://api.github.com/users/Rajveer82/events{/privacy}","received_events_url":"https://api.github.com/users/Rajveer82/received_events","type":"User","user_view_type":"private","site_admin":false,"name":null,"company":null,"blog":"","location":null,"email":null,"hireable":null,"bio":null,"twitter_username":null,"notification_email":null,"public_repos":6,"public_gists":0,"followers":0,"following":1,"created_at":"2024-06-08T04:33:29Z","updated_at":"2024-09-28T02:51:42Z","private_gists":0,"total_private_repos":13,"owned_private_repos":13,"disk_usage":65420,"collaborators":1,"two_factor_authentication":false,"plan":{"name":"free","space":976562499,"collaborators":0,"private_repos":10000}}
[info] 
[info] +  Success! Logged into GitHub as Rajveer82 
[info] 
[debug] [2024-11-29T22:41:32.294Z] >>> [apiv2][query] GET https://api.github.com/repos/user/actions/secrets/public-key type=owner
[debug] [2024-11-29T22:41:32.482Z] <<< [apiv2][status] GET https://api.github.com/repos/user/actions/secrets/public-key 404
[debug] [2024-11-29T22:41:32.482Z] <<< [apiv2][body] GET https://api.github.com/repos/user/actions/secrets/public-key {"message":"Not Found","documentation_url":"https://docs.github.com/rest","status":"404"}
[info] 
[info] 
[error] !  The provided authorization cannot be used with this repository. If this repository is in an organization, did you remember to grant access? 
[info] 
[info] i  Action required: Visit this URL to ensure access has been granted to the appropriate organization(s) for the Firebase CLI GitHub OAuth App: 
[info] https://github.com/settings/connections/applications/89cf50f02ac6aaed3484
[info] 
[debug] [2024-11-29T22:42:58.300Z] >>> [apiv2][query] GET https://api.github.com/repos//actions/secrets/public-key type=owner
[debug] [2024-11-29T22:42:58.489Z] <<< [apiv2][status] GET https://api.github.com/repos//actions/secrets/public-key 404
[debug] [2024-11-29T22:42:58.489Z] <<< [apiv2][body] GET https://api.github.com/repos//actions/secrets/public-key {"message":"Not Found","documentation_url":"https://docs.github.com/rest","status":"404"}
[info] 
[info] 
[error] !  The provided authorization cannot be used with this repository. If this repository is in an organization, did you remember to grant access? 
[info] 
[info] i  Action required: Visit this URL to ensure access has been granted to the appropriate organization(s) for the Firebase CLI GitHub OAuth App: 
[info] https://github.com/settings/connections/applications/89cf50f02ac6aaed3484
[info] 
[debug] [2024-11-29T22:43:39.728Z] >>> [apiv2][query] GET https://api.github.com/repos/https://github.com/Rajveer82/Assignment1_Express-app.git/actions/secrets/public-key type=owner
[debug] [2024-11-29T22:43:39.904Z] <<< [apiv2][status] GET https://api.github.com/repos/https://github.com/Rajveer82/Assignment1_Express-app.git/actions/secrets/public-key 404
[debug] [2024-11-29T22:43:39.904Z] <<< [apiv2][body] GET https://api.github.com/repos/https://github.com/Rajveer82/Assignment1_Express-app.git/actions/secrets/public-key {"message":"Not Found","documentation_url":"https://docs.github.com/rest","status":"404"}
[info] 
[info] 
[error] !  The provided authorization cannot be used with this repository. If this repository is in an organization, did you remember to grant access? 
[info] 
[info] i  Action required: Visit this URL to ensure access has been granted to the appropriate organization(s) for the Firebase CLI GitHub OAuth App: 
[info] https://github.com/settings/connections/applications/89cf50f02ac6aaed3484
[info] 
[debug] [2024-11-29T22:50:22.497Z] >>> [apiv2][query] GET https://api.github.com/repos/https://github.com/Rajveer82/Assignment1_Express-app.git/actions/secrets/public-key type=owner
[debug] [2024-11-29T22:50:22.702Z] <<< [apiv2][status] GET https://api.github.com/repos/https://github.com/Rajveer82/Assignment1_Express-app.git/actions/secrets/public-key 404
[debug] [2024-11-29T22:50:22.702Z] <<< [apiv2][body] GET https://api.github.com/repos/https://github.com/Rajveer82/Assignment1_Express-app.git/actions/secrets/public-key {"message":"Not Found","documentation_url":"https://docs.github.com/rest","status":"404"}
[info] 
[info] 
[error] !  The provided authorization cannot be used with this repository. If this repository is in an organization, did you remember to grant access? 
[info] 
[info] i  Action required: Visit this URL to ensure access has been granted to the appropriate organization(s) for the Firebase CLI GitHub OAuth App: 
[info] https://github.com/settings/connections/applications/89cf50f02ac6aaed3484
[info] 
